Approval filter loaded: 4 QR(s) will be skipped.
⚠ Skipping unrecognized filename: 0000183688 314-1 EL - 2.jpg
⚠ Skipping unrecognized filename: 0000183701 314-1 ME - 0.jpg
⚠ Skipping unrecognized filename: 0000183720 314-1 ME - 0.jpg
⚠ Skipping unrecognized filename: 0000183690 314-1 EL - 2.jpg
⚠ Skipping unrecognized filename: 0000177294 314-1 BF - 2.jpg
⚠ Skipping unrecognized filename: 0000183699 314-1 ME - 0.jpg
⚠ Skipping unrecognized filename: 0000183713 314-1 ME - 2.jpg
⚠ Skipping unrecognized filename: 0000183711 314-1 ME - 0.jpg
⚠ Skipping unrecognized filename: 0000183709 314-1 ME - 2.jpg
⚠ Skipping unrecognized filename: 0000183702 314-1 ME - 1.jpg
⚠ Skipping unrecognized filename: 0000183699 314-1 ME - 2.jpg
⚠ Skipping unrecognized filename: 0000183697 314-1 ME - 1.jpg
⚠ Skipping unrecognized filename: 0000183714 314-1 ME - 0.jpg
⚠ Skipping unrecognized filename: 0000177292 314-1 BF - 2.jpg
⚠ Skipping unrecognized filename: 0000183695 314-1 EL - 2.jpg
⚠ Skipping unrecognized filename: 0000183683 314-1 EL - 2.jpg
⚠ Skipping unrecognized filename: 0000183718 314-1 ME - 1.jpg
⚠ Skipping unrecognized filename: 0000183700 314-1 ME - 2.jpg
⚠ Skipping unrecognized filename: 0000183689 314-1 EL - 2.jpg
⚠ Skipping unrecognized filename: 0000183692 314-1 EL - 0.jpg
⚠ Skipping unrecognized filename: 0000183713 314-1 ME - 0.jpg
⚠ Skipping unrecognized filename: 0000183692 314-1 EL - 1.jpg
⚠ Skipping unrecognized filename: 0000183700 314-1 ME - 0.jpg
⚠ Skipping unrecognized filename: 0000183720 314-1 ME - 2.jpg
⚠ Skipping unrecognized filename: 0000183702 314-1 ME - 0.jpg
⚠ Skipping unrecognized filename: 0000183703 314-1 ME - 2.jpg
⚠ Skipping unrecognized filename: 0000183718 314-1 ME - 0.jpg
⚠ Skipping unrecognized filename: 0000183686 314-1 EL - 1.jpg
⚠ Skipping unrecognized filename: 0000183714 314-1 ME - 2.jpg
⚠ Skipping unrecognized filename: 0000183696 314-1 EL - 2.jpg
⚠ Skipping unrecognized filename: 0000183708 314-1 ME - 0.jpg
⚠ Skipping unrecognized filename: 0000183716 314-1 ME - 1.jpg
⚠ Skipping unrecognized filename: 0000177293 314-1 BF - 2.jpg
⚠ Skipping unrecognized filename: 0000183702 314-1 ME - 2.jpg
⚠ Skipping unrecognized filename: 0000183710 314-1 EL - 2.jpg
⚠ Skipping unrecognized filename: 0000183683 314-1 EL - 1.jpg
⚠ Skipping unrecognized filename: 0000183689 314-1 EL - 1.jpg
⚠ Skipping unrecognized filename: 0000183698 314-1 ME - 2.jpg
⚠ Skipping unrecognized filename: 0000183712 314-1 ME - 1.jpg
⚠ Skipping unrecognized filename: 0000183693 314-1 EL - 1.jpg
⚠ Skipping unrecognized filename: 0000183718 314-1 ME - 2.jpg
⚠ Skipping unrecognized filename: 0000183682 314-1 EL - 2.jpg
⚠ Skipping unrecognized filename: 0000183686 314-1 EL - 2.jpg
⚠ Skipping unrecognized filename: 0000177290 314-1 BF - 2.jpg
⚠ Skipping unrecognized filename: 0000183715 314-1 ME - 2.jpg
⚠ Skipping unrecognized filename: 0000183685 314-1 EL - 2.jpg
⚠ Skipping unrecognized filename: 0000183687 314-1 EL - 0.jpg
⚠ Skipping unrecognized filename: 0000183698 314-1 ME - 1.jpg
⚠ Skipping unrecognized filename: 0000183695 314-1 EL - 0.jpg
⚠ Skipping unrecognized filename: 0000183687 314-1 EL - 2.jpg
⚠ Skipping unrecognized filename: 0000183711 314-1 ME - 2.jpg
⚠ Skipping unrecognized filename: 0000183688 314-1 EL - 1.jpg
⚠ Skipping unrecognized filename: 0000183717 314-1 ME - 0.jpg
⚠ Skipping unrecognized filename: 0000183703 314-1 ME - 0.jpg
⚠ Skipping unrecognized filename: 0000177276 314-1 BF - 2.jpg
⚠ Skipping unrecognized filename: 0000183696 314-1 EL - 0.jpg
⚠ Skipping unrecognized filename: 0000183685 314-1 EL - 1.jpg
⚠ Skipping unrecognized filename: 0000183697 314-1 ME - 2.jpg
⚠ Skipping unrecognized filename: 0000183681 314-1 ME - 2.jpg
⚠ Skipping unrecognized filename: 0000183704 314-1 ME - 2.jpg
⚠ Skipping unrecognized filename: 0000183716 314-1 ME - 2.jpg
⚠ Skipping unrecognized filename: 0000183701 314-1 ME - 2.jpg
⚠ Skipping unrecognized filename: 0000183716 314-1 ME - 0.jpg
⚠ Skipping unrecognized filename: 0000183704 314-1 ME - 0.jpg
⚠ Skipping unrecognized filename: 0000183710 314-1 EL - 1.jpg
⚠ Skipping unrecognized filename: 0000183682 314-1 EL - 0.jpg
⚠ Skipping unrecognized filename: 0000183720 314-1 ME - 1.jpg
⚠ Skipping unrecognized filename: 0000183714 314-1 ME - 1.jpg
⚠ Skipping unrecognized filename: 0000183687 314-1 EL - 1.jpg
⚠ Skipping unrecognized filename: 0000183715 314-1 ME - 0.jpg
⚠ Skipping unrecognized filename: 0000183715 314-1 ME - 1.jpg
⚠ Skipping unrecognized filename: 0000183693 314-1 EL - 2.jpg
⚠ Skipping unrecognized filename: 0000183681 314-1 ME - 0.jpg
⚠ Skipping unrecognized filename: 0000183694 314-1 EL - 1.jpg
⚠ Skipping unrecognized filename: 0000183703 314-1 ME - 1.jpg
⚠ Skipping unrecognized filename: 0000183709 314-1 ME - 0.jpg
⚠ Skipping unrecognized filename: 0000183686 314-1 EL - 0.jpg
⚠ Skipping unrecognized filename: 0000183684 314-1 EL - 2.jpg
⚠ Skipping unrecognized filename: 0000183712 314-1 ME - 0.jpg
⚠ Skipping unrecognized filename: 0000183691 314-1 EL - 2.jpg
⚠ Skipping unrecognized filename: 0000183711 314-1 ME - 1.jpg
⚠ Skipping unrecognized filename: 0000183684 314-1 EL - 1.jpg
⚠ Skipping unrecognized filename: 0000183697 314-1 ME - 0.jpg
⚠ Skipping unrecognized filename: 0000183710 314-1 EL - 0.jpg
⚠ Skipping unrecognized filename: 0000183698 314-1 ME - 0.jpg
⚠ Skipping unrecognized filename: 0000183708 314-1 ME - 1.jpg
⚠ Skipping unrecognized filename: 0000183690 314-1 EL - 1.jpg
⚠ Skipping unrecognized filename: 0000183709 314-1 ME - 1.jpg
⚠ Skipping unrecognized filename: 0000183717 314-1 ME - 2.jpg
⚠ Skipping unrecognized filename: 0000183695 314-1 EL - 1.jpg
⚠ Skipping unrecognized filename: 0000183708 314-1 ME - 2.jpg
⚠ Skipping unrecognized filename: 0000183682 314-1 EL - 1.jpg
⚠ Skipping unrecognized filename: 0000183692 314-1 EL - 2.jpg
⚠ Skipping unrecognized filename: 0000183717 314-1 ME - 1.jpg
⚠ Skipping unrecognized filename: 0000183691 314-1 EL - 1.jpg
⚠ Skipping unrecognized filename: 0000183694 314-1 EL - 2.jpg
⚠ Skipping unrecognized filename: 0000183700 314-1 ME - 1.jpg
⚠ Skipping unrecognized filename: 0000183685 314-1 EL - 0.jpg
⚠ Skipping unrecognized filename: 0000177277 314-1 BF - 2.jpg
⚠ Skipping unrecognized filename: 0000183713 314-1 ME - 1.jpg
⚠ Skipping unrecognized filename: 0000183701 314-1 ME - 1.jpg
⚠ Skipping unrecognized filename: 0000177285 314-1 ME - 2.jpg
⚠ Skipping unrecognized filename: 0000183689 314-1 EL - 0.jpg
⚠ Skipping unrecognized filename: 0000183712 314-1 ME - 2.jpg
⚠ Skipping unrecognized filename: 0000183696 314-1 EL - 1.jpg

Total assets found (after approval filter): 6

Processing QR 0000177277 …
  ✅ Saved S:\MaintOpsPlan\AssetMgt\Asset Management Process\Database\8. New Assets\QR_code_project\API\Output_jason_api\0000177277_BF_314-1.json

Processing QR 0000177294 …
  ✅ Saved S:\MaintOpsPlan\AssetMgt\Asset Management Process\Database\8. New Assets\QR_code_project\API\Output_jason_api\0000177294_BF_314-1.json

Processing QR 0000177276 …
  ✅ Saved S:\MaintOpsPlan\AssetMgt\Asset Management Process\Database\8. New Assets\QR_code_project\API\Output_jason_api\0000177276_BF_314-1.json

Processing QR 0000177290 …
  ✅ Saved S:\MaintOpsPlan\AssetMgt\Asset Management Process\Database\8. New Assets\QR_code_project\API\Output_jason_api\0000177290_BF_314-1.json

Processing QR 0000177293 …
  ✅ Saved S:\MaintOpsPlan\AssetMgt\Asset Management Process\Database\8. New Assets\QR_code_project\API\Output_jason_api\0000177293_BF_314-1.json

Processing QR 0000177292 …
  ✅ Saved S:\MaintOpsPlan\AssetMgt\Asset Management Process\Database\8. New Assets\QR_code_project\API\Output_jason_api\0000177292_BF_314-1.json
