[INFO] Tesseract OK at: /usr/bin/tesseract
[INFO] TESSDATA_PREFIX=/usr/share/tesseract-ocr/5/tessdata
[INFO] Approval filter from sdi_dataset_EL (Approved <> 1): 15 QR(s) will be processed.
[INFO] Total assets to process (Approved <> 1): 15

[INFO] Processing QR 0000183682 (Building 314-1) ...
[OK] Saved: /home/developer/Output_jason_api/0000183682.json
[SUMMARY] QR=0000183682 | Building=314-1 | JSON=/home/developer/Output_jason_api/0000183682.json | Status=OK

[INFO] Processing QR 0000183683 (Building 314-1) ...
[OK] Saved: /home/developer/Output_jason_api/0000183683.json
[SUMMARY] QR=0000183683 | Building=314-1 | JSON=/home/developer/Output_jason_api/0000183683.json | Status=OK

[INFO] Processing QR 0000183684 (Building 314-1) ...
[OK] Saved: /home/developer/Output_jason_api/0000183684.json
[SUMMARY] QR=0000183684 | Building=314-1 | JSON=/home/developer/Output_jason_api/0000183684.json | Status=OK

[INFO] Processing QR 0000183685 (Building 314-1) ...
[OK] Saved: /home/developer/Output_jason_api/0000183685.json
[SUMMARY] QR=0000183685 | Building=314-1 | JSON=/home/developer/Output_jason_api/0000183685.json | Status=OK

[INFO] Processing QR 0000183686 (Building 314-1) ...
[OK] Saved: /home/developer/Output_jason_api/0000183686.json
[SUMMARY] QR=0000183686 | Building=314-1 | JSON=/home/developer/Output_jason_api/0000183686.json | Status=OK

[INFO] Processing QR 0000183687 (Building 314-1) ...
[OK] Saved: /home/developer/Output_jason_api/0000183687.json
[SUMMARY] QR=0000183687 | Building=314-1 | JSON=/home/developer/Output_jason_api/0000183687.json | Status=OK

[INFO] Processing QR 0000183688 (Building 314-1) ...
[OK] Saved: /home/developer/Output_jason_api/0000183688.json
[SUMMARY] QR=0000183688 | Building=314-1 | JSON=/home/developer/Output_jason_api/0000183688.json | Status=OK

[INFO] Processing QR 0000183689 (Building 314-1) ...
[OK] Saved: /home/developer/Output_jason_api/0000183689.json
[SUMMARY] QR=0000183689 | Building=314-1 | JSON=/home/developer/Output_jason_api/0000183689.json | Status=OK

[INFO] Processing QR 0000183690 (Building 314-1) ...
[OK] Saved: /home/developer/Output_jason_api/0000183690.json
[SUMMARY] QR=0000183690 | Building=314-1 | JSON=/home/developer/Output_jason_api/0000183690.json | Status=OK

[INFO] Processing QR 0000183691 (Building 314-1) ...
[OK] Saved: /home/developer/Output_jason_api/0000183691.json
[SUMMARY] QR=0000183691 | Building=314-1 | JSON=/home/developer/Output_jason_api/0000183691.json | Status=OK

[INFO] Processing QR 0000183692 (Building 314-1) ...
[OK] Saved: /home/developer/Output_jason_api/0000183692.json
[SUMMARY] QR=0000183692 | Building=314-1 | JSON=/home/developer/Output_jason_api/0000183692.json | Status=OK

[INFO] Processing QR 0000183693 (Building 314-1) ...
[OK] Saved: /home/developer/Output_jason_api/0000183693.json
[SUMMARY] QR=0000183693 | Building=314-1 | JSON=/home/developer/Output_jason_api/0000183693.json | Status=OK

[INFO] Processing QR 0000183694 (Building 314-1) ...
[OK] Saved: /home/developer/Output_jason_api/0000183694.json
[SUMMARY] QR=0000183694 | Building=314-1 | JSON=/home/developer/Output_jason_api/0000183694.json | Status=OK

[INFO] Processing QR 0000183695 (Building 314-1) ...
[OK] Saved: /home/developer/Output_jason_api/0000183695.json
[SUMMARY] QR=0000183695 | Building=314-1 | JSON=/home/developer/Output_jason_api/0000183695.json | Status=OK

[INFO] Processing QR 0000183696 (Building 314-1) ...
[OK] Saved: /home/developer/Output_jason_api/0000183696.json
[SUMMARY] QR=0000183696 | Building=314-1 | JSON=/home/developer/Output_jason_api/0000183696.json | Status=OK
