[INFO] Tesseract OK at: /usr/bin/tesseract
[INFO] TESSDATA_PREFIX=/usr/share/tesseract-ocr/5/tessdata
[INFO] Approval filter from sdi_dataset_EL (Approved <> 1): 5 QR(s) will be processed.
[INFO] Total assets to process (Approved <> 1): 5
[SUMMARY] RUN_START time=2025-09-03T13:31:31 total_groups=5
Summary: RUN_START time=2025-09-03T13:31:31 total_groups=5

[INFO] Processing QR 0000183710 (Building 314-1) ...
[SUMMARY] QR=0000183710 | Building=314-1 | JSON= | Status=START
Summary: QR=0000183710 | Building=314-1 | JSON= | Status=START
  ? Saved /home/developer/Output_jason_api/0000183710_EL_314-1.json
[SUMMARY] QR=0000183710 | Building=314-1 | JSON=/home/developer/Output_jason_api/0000183710_EL_314-1.json | Status=OK
Summary: QR=0000183710 | Building=314-1 | JSON=/home/developer/Output_jason_api/0000183710_EL_314-1.json | Status=OK

[INFO] Processing QR 0000183693 (Building 314-1) ...
[SUMMARY] QR=0000183693 | Building=314-1 | JSON= | Status=START
Summary: QR=0000183693 | Building=314-1 | JSON= | Status=START
  ? Saved /home/developer/Output_jason_api/0000183693_EL_314-1.json
[SUMMARY] QR=0000183693 | Building=314-1 | JSON=/home/developer/Output_jason_api/0000183693_EL_314-1.json | Status=OK
Summary: QR=0000183693 | Building=314-1 | JSON=/home/developer/Output_jason_api/0000183693_EL_314-1.json | Status=OK

[INFO] Processing QR 0000183694 (Building 314-1) ...
[SUMMARY] QR=0000183694 | Building=314-1 | JSON= | Status=START
Summary: QR=0000183694 | Building=314-1 | JSON= | Status=START
  ? Saved /home/developer/Output_jason_api/0000183694_EL_314-1.json
[SUMMARY] QR=0000183694 | Building=314-1 | JSON=/home/developer/Output_jason_api/0000183694_EL_314-1.json | Status=OK
Summary: QR=0000183694 | Building=314-1 | JSON=/home/developer/Output_jason_api/0000183694_EL_314-1.json | Status=OK

[INFO] Processing QR 0000183695 (Building 314-1) ...
[SUMMARY] QR=0000183695 | Building=314-1 | JSON= | Status=START
Summary: QR=0000183695 | Building=314-1 | JSON= | Status=START
  ? Saved /home/developer/Output_jason_api/0000183695_EL_314-1.json
[SUMMARY] QR=0000183695 | Building=314-1 | JSON=/home/developer/Output_jason_api/0000183695_EL_314-1.json | Status=OK
Summary: QR=0000183695 | Building=314-1 | JSON=/home/developer/Output_jason_api/0000183695_EL_314-1.json | Status=OK

[INFO] Processing QR 0000183696 (Building 314-1) ...
[SUMMARY] QR=0000183696 | Building=314-1 | JSON= | Status=START
Summary: QR=0000183696 | Building=314-1 | JSON= | Status=START
  ? Saved /home/developer/Output_jason_api/0000183696_EL_314-1.json
[SUMMARY] QR=0000183696 | Building=314-1 | JSON=/home/developer/Output_jason_api/0000183696_EL_314-1.json | Status=OK
Summary: QR=0000183696 | Building=314-1 | JSON=/home/developer/Output_jason_api/0000183696_EL_314-1.json | Status=OK
[SUMMARY] RUN_END time=2025-09-03T13:32:30 processed=5 ok=5 error=0 skipped=0
Summary: RUN_END time=2025-09-03T13:32:30 processed=5 ok=5 error=0 skipped=0
