Filtro de aprovação carregado: 18 QR(s) serão ignorados.
⏭️  Skipping QR 0000183712 (Approved=1 no DB)
⚠ Skipping unrecognized filename: 0000183688 314-1 EL - 2.jpg
⚠ Skipping unrecognized filename: 0000183698 314-1 ME - 2.jpg
⏭️  Skipping QR 0000183701 (Approved=1 no DB)
⚠ Skipping unrecognized filename: 0000183693 314-1 EL - 1.jpg
⏭️  Skipping QR 0000183720 (Approved=1 no DB)
⚠ Skipping unrecognized filename: 0000183718 314-1 ME - 2.jpg
⚠ Skipping unrecognized filename: 0000177277 314-1 BF - 0.jpg
⚠ Skipping unrecognized filename: 0000183715 314-1 ME - 2.jpg
⚠ Skipping unrecognized filename: 0000183690 314-1 EL - 2.jpg
⚠ Skipping unrecognized filename: 0000183685 314-1 EL - 2.jpg
⚠ Skipping unrecognized filename: 0000177294 314-1 BF - 2.jpg
⚠ Skipping unrecognized filename: 0000183687 314-1 EL - 0.jpg
⚠ Skipping unrecognized filename: 0000177294 314-1 BF - 1.jpg
⚠ Skipping unrecognized filename: 0000183713 314-1 ME - 2.jpg
⏭️  Skipping QR 0000183698 (Approved=1 no DB)
⏭️  Skipping QR 0000183711 (Approved=1 no DB)
⚠ Skipping unrecognized filename: 0000183695 314-1 EL - 0.jpg
⚠ Skipping unrecognized filename: 0000183709 314-1 ME - 2.jpg
⚠ Skipping unrecognized filename: 0000183687 314-1 EL - 2.jpg
⏭️  Skipping QR 0000183702 (Approved=1 no DB)
⚠ Skipping unrecognized filename: 0000183711 314-1 ME - 2.jpg
⚠ Skipping unrecognized filename: 0000183699 314-1 ME - 2.jpg
⚠ Skipping unrecognized filename: 0000183688 314-1 EL - 1.jpg
⏭️  Skipping QR 0000183697 (Approved=1 no DB)
⏭️  Skipping QR 0000183717 (Approved=1 no DB)
⏭️  Skipping QR 0000183714 (Approved=1 no DB)
⏭️  Skipping QR 0000183703 (Approved=1 no DB)
⚠ Skipping unrecognized filename: 0000177292 314-1 BF - 2.jpg
⚠ Skipping unrecognized filename: 0000177276 314-1 BF - 2.jpg
⚠ Skipping unrecognized filename: 0000183695 314-1 EL - 2.jpg
⚠ Skipping unrecognized filename: 0000183696 314-1 EL - 0.jpg
⚠ Skipping unrecognized filename: 0000183683 314-1 EL - 2.jpg
⚠ Skipping unrecognized filename: 0000183685 314-1 EL - 1.jpg
⏭️  Skipping QR 0000183718 (Approved=1 no DB)
⚠ Skipping unrecognized filename: 0000183697 314-1 ME - 2.jpg
⚠ Skipping unrecognized filename: 0000177294 314-1 BF - 0.jpg
⚠ Skipping unrecognized filename: 0000183681 314-1 ME - 2.jpg
⚠ Skipping unrecognized filename: 0000183700 314-1 ME - 2.jpg
⚠ Skipping unrecognized filename: 0000183704 314-1 ME - 2.jpg
⚠ Skipping unrecognized filename: 0000183689 314-1 EL - 2.jpg
⚠ Skipping unrecognized filename: 0000183716 314-1 ME - 2.jpg
⚠ Skipping unrecognized filename: 0000183692 314-1 EL - 0.jpg
⚠ Skipping unrecognized filename: 0000183701 314-1 ME - 2.jpg
⏭️  Skipping QR 0000183713 (Approved=1 no DB)
⏭️  Skipping QR 0000183716 (Approved=1 no DB)
⚠ Skipping unrecognized filename: 0000183692 314-1 EL - 1.jpg
⏭️  Skipping QR 0000183704 (Approved=1 no DB)
⏭️  Skipping QR 0000183700 (Approved=1 no DB)
⚠ Skipping unrecognized filename: 0000183710 314-1 EL - 1.jpg
⚠ Skipping unrecognized filename: 0000183720 314-1 ME - 2.jpg
⏭️  Skipping QR 0000183720 (Approved=1 no DB)
⏭️  Skipping QR 0000183702 (Approved=1 no DB)
⚠ Skipping unrecognized filename: 0000183682 314-1 EL - 0.jpg
⚠ Skipping unrecognized filename: 0000183703 314-1 ME - 2.jpg
⏭️  Skipping QR 0000183714 (Approved=1 no DB)
⏭️  Skipping QR 0000183718 (Approved=1 no DB)
⚠ Skipping unrecognized filename: 0000183687 314-1 EL - 1.jpg
⚠ Skipping unrecognized filename: 0000183686 314-1 EL - 1.jpg
⏭️  Skipping QR 0000183715 (Approved=1 no DB)
⚠ Skipping unrecognized filename: 0000183714 314-1 ME - 2.jpg
⏭️  Skipping QR 0000183715 (Approved=1 no DB)
⚠ Skipping unrecognized filename: 0000183696 314-1 EL - 2.jpg
⚠ Skipping unrecognized filename: 0000183693 314-1 EL - 2.jpg
⏭️  Skipping QR 0000183708 (Approved=1 no DB)
⏭️  Skipping QR 0000183716 (Approved=1 no DB)
⚠ Skipping unrecognized filename: 0000183694 314-1 EL - 1.jpg
⚠ Skipping unrecognized filename: 0000177276 314-1 BF - 1.jpg
⏭️  Skipping QR 0000183703 (Approved=1 no DB)
⚠ Skipping unrecognized filename: 0000177293 314-1 BF - 2.jpg
⏭️  Skipping QR 0000183709 (Approved=1 no DB)
⚠ Skipping unrecognized filename: 0000183702 314-1 ME - 2.jpg
⚠ Skipping unrecognized filename: 0000183686 314-1 EL - 0.jpg
⚠ Skipping unrecognized filename: 0000183710 314-1 EL - 2.jpg
⚠ Skipping unrecognized filename: 0000183684 314-1 EL - 2.jpg
⚠ Skipping unrecognized filename: 0000177290 314-1 BF - 0.jpg
⏭️  Skipping QR 0000183712 (Approved=1 no DB)
⚠ Skipping unrecognized filename: 0000183683 314-1 EL - 1.jpg
⚠ Skipping unrecognized filename: 0000183691 314-1 EL - 2.jpg
⚠ Skipping unrecognized filename: 0000183689 314-1 EL - 1.jpg
⚠ Skipping unrecognized filename: 0000183682 314-1 EL - 2.jpg
⏭️  Skipping QR 0000183711 (Approved=1 no DB)
⚠ Skipping unrecognized filename: 0000177293 314-1 BF - 0.jpg
⚠ Skipping unrecognized filename: 0000183684 314-1 EL - 1.jpg
⚠ Skipping unrecognized filename: 0000183686 314-1 EL - 2.jpg
⚠ Skipping unrecognized filename: 0000177290 314-1 BF - 2.jpg
⏭️  Skipping QR 0000183697 (Approved=1 no DB)
⚠ Skipping unrecognized filename: 0000183710 314-1 EL - 0.jpg
⏭️  Skipping QR 0000183698 (Approved=1 no DB)
⏭️  Skipping QR 0000183708 (Approved=1 no DB)
⚠ Skipping unrecognized filename: 0000177276 314-1 BF - 0.jpg
⚠ Skipping unrecognized filename: 0000183690 314-1 EL - 1.jpg
⏭️  Skipping QR 0000183709 (Approved=1 no DB)
⚠ Skipping unrecognized filename: 0000183717 314-1 ME - 2.jpg
⚠ Skipping unrecognized filename: 0000183695 314-1 EL - 1.jpg
⚠ Skipping unrecognized filename: 0000183708 314-1 ME - 2.jpg
⚠ Skipping unrecognized filename: 0000183682 314-1 EL - 1.jpg
⚠ Skipping unrecognized filename: 0000183692 314-1 EL - 2.jpg
⏭️  Skipping QR 0000183717 (Approved=1 no DB)
⚠ Skipping unrecognized filename: 0000183691 314-1 EL - 1.jpg
⚠ Skipping unrecognized filename: 0000183694 314-1 EL - 2.jpg
⏭️  Skipping QR 0000183700 (Approved=1 no DB)
⚠ Skipping unrecognized filename: 0000183685 314-1 EL - 0.jpg
⚠ Skipping unrecognized filename: 0000177277 314-1 BF - 2.jpg
⏭️  Skipping QR 0000183713 (Approved=1 no DB)
⚠ Skipping unrecognized filename: 0000177292 314-1 BF - 0.jpg
⏭️  Skipping QR 0000183701 (Approved=1 no DB)
⚠ Skipping unrecognized filename: 0000177285 314-1 ME - 2.jpg
⚠ Skipping unrecognized filename: 0000183689 314-1 EL - 0.jpg
⚠ Skipping unrecognized filename: 0000183712 314-1 ME - 2.jpg
⚠ Skipping unrecognized filename: 0000183696 314-1 EL - 1.jpg

Total assets found (após filtro de aprovação): 2

Processing QR 0000183699 …
  ✅ Saved /home/developer/Output_jason_api/0000183699_ME_314-1.json

Processing QR 0000183681 …
  ✅ Saved /home/developer/Output_jason_api/0000183681_ME_314-1.json
